TN:
SF:knexfile.js
FN:11,afterCreate
FNF:1
FNH:1
FNDA:1,afterCreate
DA:1,1
DA:2,1
DA:3,1
DA:4,1
DA:5,1
DA:6,1
DA:7,1
DA:8,1
DA:9,1
DA:10,1
DA:11,1
DA:12,1
DA:13,1
DA:14,1
DA:15,1
DA:16,1
DA:17,1
DA:18,1
DA:19,1
DA:20,1
DA:21,1
DA:22,1
DA:23,1
DA:24,1
DA:25,1
DA:26,1
LF:26
LH:26
BRDA:11,0,0,1
BRF:1
BRH:1
end_of_record
TN:
SF:api\server.js
FNF:0
FNH:0
DA:1,1
DA:2,1
DA:3,1
DA:4,1
DA:5,1
DA:6,1
DA:7,1
DA:8,1
DA:9,1
DA:10,1
DA:11,1
DA:12,1
DA:13,1
DA:14,1
DA:15,1
DA:16,1
DA:17,1
DA:18,1
DA:19,1
DA:20,1
DA:21,1
DA:22,4
DA:23,4
DA:24,4
DA:25,4
DA:26,1
DA:27,1
DA:28,1
DA:29,1
LF:29
LH:29
BRDA:9,0,0,1
BRDA:15,1,0,1
BRDA:21,2,0,4
BRDA:22,3,0,0
BRF:4
BRH:3
end_of_record
TN:
SF:api\engineers\model.js
FN:2,find
FN:5,findById
FN:10,insert
FNF:3
FNH:3
FNDA:2,find
FNDA:3,findById
FNDA:1,insert
DA:1,1
DA:2,2
DA:3,2
DA:4,1
DA:5,3
DA:6,3
DA:7,3
DA:8,3
DA:9,3
DA:10,1
DA:11,1
DA:12,1
DA:13,1
DA:14,1
DA:15,1
DA:16,1
LF:16
LH:16
BRDA:2,0,0,2
BRDA:5,1,0,3
BRDA:10,2,0,1
BRDA:13,3,0,1
BRF:4
BRH:4
end_of_record
TN:
SF:api\engineers\mw.js
FN:2,checkEngineerId
FN:20,chechNewEngineer
FNF:2
FNH:2
FNDA:2,checkEngineerId
FNDA:2,chechNewEngineer
DA:1,1
DA:2,1
DA:3,2
DA:4,2
DA:5,2
DA:6,1
DA:7,1
DA:8,1
DA:9,1
DA:10,1
DA:11,1
DA:12,1
DA:13,1
DA:14,2
DA:15,2
DA:16,2
DA:17,0
DA:18,0
DA:19,2
DA:20,1
DA:21,2
DA:22,2
DA:23,2
DA:24,1
DA:25,1
DA:26,1
DA:27,1
DA:28,1
DA:29,1
DA:30,1
DA:31,1
DA:32,1
DA:33,1
DA:34,2
DA:35,2
DA:36,2
DA:37,0
DA:38,0
DA:39,2
DA:40,1
LF:40
LH:36
BRDA:2,0,0,2
BRDA:5,1,0,1
BRDA:16,2,0,0
BRDA:20,3,0,2
BRDA:23,4,0,1
BRDA:23,5,0,1
BRDA:23,6,0,1
BRDA:36,7,0,0
BRF:8
BRH:6
end_of_record
TN:
SF:api\engineers\router.js
FNF:0
FNH:0
DA:1,1
DA:2,1
DA:3,1
DA:4,1
DA:5,1
DA:6,2
DA:7,2
DA:8,2
DA:9,2
DA:10,2
DA:11,0
DA:12,0
DA:13,1
DA:14,1
DA:15,1
DA:16,1
DA:17,1
DA:18,1
DA:19,1
DA:20,0
DA:21,0
DA:22,1
DA:23,1
DA:24,1
DA:25,1
DA:26,1
DA:27,1
DA:28,1
DA:29,0
DA:30,0
DA:31,1
DA:32,1
DA:33,1
LF:33
LH:27
BRDA:5,0,0,2
BRDA:10,1,0,0
BRDA:15,2,0,1
BRDA:19,3,0,0
BRDA:24,4,0,1
BRDA:28,5,0,0
BRF:6
BRH:3
end_of_record
TN:
SF:api\workers\model.js
FN:2,find
FN:5,findById
FN:8,insert
FNF:3
FNH:3
FNDA:2,find
FNDA:3,findById
FNDA:1,insert
DA:1,1
DA:2,2
DA:3,2
DA:4,1
DA:5,3
DA:6,3
DA:7,3
DA:8,1
DA:9,1
DA:10,1
DA:11,1
DA:12,1
DA:13,1
DA:14,1
LF:14
LH:14
BRDA:2,0,0,2
BRDA:5,1,0,3
BRDA:8,2,0,1
BRDA:11,3,0,1
BRF:4
BRH:4
end_of_record
TN:
SF:api\workers\mw.js
FN:2,checkWorkerId
FN:20,chechNewWorker
FNF:2
FNH:2
FNDA:2,checkWorkerId
FNDA:2,chechNewWorker
DA:1,1
DA:2,1
DA:3,2
DA:4,2
DA:5,2
DA:6,1
DA:7,1
DA:8,1
DA:9,1
DA:10,1
DA:11,1
DA:12,1
DA:13,1
DA:14,2
DA:15,2
DA:16,2
DA:17,0
DA:18,0
DA:19,2
DA:20,1
DA:21,2
DA:22,2
DA:23,2
DA:24,1
DA:25,1
DA:26,1
DA:27,1
DA:28,1
DA:29,1
DA:30,1
DA:31,1
DA:32,1
DA:33,1
DA:34,2
DA:35,2
DA:36,2
DA:37,0
DA:38,0
DA:39,2
DA:40,1
LF:40
LH:36
BRDA:2,0,0,2
BRDA:5,1,0,1
BRDA:16,2,0,0
BRDA:20,3,0,2
BRDA:23,4,0,1
BRDA:36,5,0,0
BRF:6
BRH:4
end_of_record
TN:
SF:api\workers\router.js
FNF:0
FNH:0
DA:1,1
DA:2,1
DA:3,1
DA:4,1
DA:5,1
DA:6,2
DA:7,2
DA:8,2
DA:9,2
DA:10,2
DA:11,0
DA:12,0
DA:13,1
DA:14,1
DA:15,1
DA:16,1
DA:17,1
DA:18,1
DA:19,1
DA:20,0
DA:21,0
DA:22,1
DA:23,1
DA:24,1
DA:25,1
DA:26,1
DA:27,1
DA:28,1
DA:29,0
DA:30,0
DA:31,1
DA:32,1
DA:33,1
LF:33
LH:27
BRDA:5,0,0,2
BRDA:10,1,0,0
BRDA:15,2,0,1
BRDA:19,3,0,0
BRDA:24,4,0,1
BRDA:28,5,0,0
BRF:6
BRH:3
end_of_record
TN:
SF:data\db-config.js
FNF:0
FNH:0
DA:1,1
DA:2,1
DA:3,1
DA:4,1
DA:5,1
LF:5
LH:5
BRDA:3,0,0,0
BRF:1
BRH:0
end_of_record
TN:
SF:data\migrations\20230216222915_create-persons.js
FN:6,Object.<anonymous>.exports.up
FN:23,Object.<anonymous>.exports.down
FNF:2
FNH:2
FNDA:1,Object.<anonymous>.exports.up
FNDA:1,Object.<anonymous>.exports.down
DA:1,1
DA:2,1
DA:3,1
DA:4,1
DA:5,1
DA:6,1
DA:7,1
DA:8,1
DA:9,1
DA:10,1
DA:11,1
DA:12,1
DA:13,1
DA:14,1
DA:15,1
DA:16,1
DA:17,1
DA:18,1
DA:19,1
DA:20,1
DA:21,1
DA:22,1
DA:23,1
DA:24,1
DA:25,1
DA:26,1
DA:27,1
LF:27
LH:27
BRDA:6,0,0,1
BRDA:8,1,0,1
BRDA:14,2,0,1
BRDA:23,3,0,1
BRF:4
BRH:4
end_of_record
TN:
SF:data\seeds\01_cleanup.js
FN:3,Object.<anonymous>.exports.seed
FNF:1
FNH:1
FNDA:14,Object.<anonymous>.exports.seed
DA:1,1
DA:2,1
DA:3,1
DA:4,14
DA:5,14
DA:6,14
DA:7,14
LF:7
LH:7
BRDA:3,0,0,14
BRF:1
BRH:1
end_of_record
TN:
SF:data\seeds\02_persons.js
FN:39,Object.<anonymous>.exports.seed
FNF:1
FNH:1
FNDA:14,Object.<anonymous>.exports.seed
DA:1,1
DA:2,1
DA:3,1
DA:4,1
DA:5,1
DA:6,1
DA:7,1
DA:8,1
DA:9,1
DA:10,1
DA:11,1
DA:12,1
DA:13,1
DA:14,1
DA:15,1
DA:16,1
DA:17,1
DA:18,1
DA:19,1
DA:20,1
DA:21,1
DA:22,1
DA:23,1
DA:24,1
DA:25,1
DA:26,1
DA:27,1
DA:28,1
DA:29,1
DA:30,1
DA:31,1
DA:32,1
DA:33,1
DA:34,1
DA:35,1
DA:36,1
DA:37,1
DA:38,1
DA:39,1
DA:40,14
DA:41,14
DA:42,14
DA:43,14
DA:44,14
DA:45,14
LF:45
LH:45
BRDA:39,0,0,14
BRDA:42,1,0,14
BRF:2
BRH:2
end_of_record
